2022-06-30 08:19:52,910 INFO o.a.j.u.JMeterUtils: Setting Locale to en_EN
2022-06-30 08:19:52,951 INFO o.a.j.JMeter: Loading user properties from: user.properties
2022-06-30 08:19:52,953 INFO o.a.j.JMeter: Loading system properties from: system.properties
2022-06-30 08:19:52,972 INFO o.a.j.JMeter: Copyright (c) 1998-2022 The Apache Software Foundation
2022-06-30 08:19:52,972 INFO o.a.j.JMeter: Version 5.5
2022-06-30 08:19:52,972 INFO o.a.j.JMeter: java.version=17.0.2
2022-06-30 08:19:52,972 INFO o.a.j.JMeter: java.vm.name=Java HotSpot(TM) 64-Bit Server VM
2022-06-30 08:19:52,972 INFO o.a.j.JMeter: os.name=Windows 10
2022-06-30 08:19:52,972 INFO o.a.j.JMeter: os.arch=amd64
2022-06-30 08:19:52,972 INFO o.a.j.JMeter: os.version=10.0
2022-06-30 08:19:52,972 INFO o.a.j.JMeter: file.encoding=Cp1252
2022-06-30 08:19:52,973 INFO o.a.j.JMeter: java.awt.headless=null
2022-06-30 08:19:52,973 INFO o.a.j.JMeter: Max memory     =1073741824
2022-06-30 08:19:52,973 INFO o.a.j.JMeter: Available Processors =8
2022-06-30 08:19:52,988 INFO o.a.j.JMeter: Default Locale=English (EN)
2022-06-30 08:19:52,989 INFO o.a.j.JMeter: JMeter  Locale=English (EN)
2022-06-30 08:19:52,989 INFO o.a.j.JMeter: JMeterHome=C:\Users\David Olanrewaju\Desktop\apache-jmeter-5.5
2022-06-30 08:19:52,989 INFO o.a.j.JMeter: user.dir  =C:\Users\David Olanrewaju\Desktop\apache-jmeter-5.5\bin
2022-06-30 08:19:52,989 INFO o.a.j.JMeter: PWD       =C:\Users\David Olanrewaju\Desktop\apache-jmeter-5.5\bin
2022-06-30 08:19:52,995 INFO o.a.j.JMeter: IP: 172.20.10.3 Name: DESKTOP-2QNEOGK FullName: DESKTOP-2QNEOGK
2022-06-30 08:19:53,015 INFO o.a.j.JMeter: Loaded icon properties from org/apache/jmeter/images/icon.properties
2022-06-30 08:19:53,395 INFO o.a.j.JMeterGuiLauncher: Setting LAF to: com.github.weisj.darklaf.DarkLaf:com.github.weisj.darklaf.theme.DarculaTheme
2022-06-30 08:26:12,535 INFO o.a.j.p.h.s.HTTPSamplerBase: Parser for text/html is org.apache.jmeter.protocol.http.parser.LagartoBasedHtmlParser
2022-06-30 08:26:12,536 INFO o.a.j.p.h.s.HTTPSamplerBase: Parser for application/xhtml+xml is org.apache.jmeter.protocol.http.parser.LagartoBasedHtmlParser
2022-06-30 08:26:12,536 INFO o.a.j.p.h.s.HTTPSamplerBase: Parser for application/xml is org.apache.jmeter.protocol.http.parser.LagartoBasedHtmlParser
2022-06-30 08:26:12,536 INFO o.a.j.p.h.s.HTTPSamplerBase: Parser for text/xml is org.apache.jmeter.protocol.http.parser.LagartoBasedHtmlParser
2022-06-30 08:26:12,536 INFO o.a.j.p.h.s.HTTPSamplerBase: Parser for text/vnd.wap.wml is org.apache.jmeter.protocol.http.parser.RegexpHTMLParser
2022-06-30 08:26:12,536 INFO o.a.j.p.h.s.HTTPSamplerBase: Parser for text/css is org.apache.jmeter.protocol.http.parser.CssParser
2022-06-30 08:33:18,784 INFO o.a.j.s.FileServer: Default base='C:\Users\David Olanrewaju\Desktop\apache-jmeter-5.5\bin'
2022-06-30 08:33:18,785 INFO o.a.j.s.FileServer: Set new base='C:\Users\David Olanrewaju\Desktop\apache-jmeter-5.5\bin'
2022-06-30 08:33:19,074 INFO o.a.j.s.SaveService: Testplan (JMX) version: 2.2. Testlog (JTL) version: 2.2
2022-06-30 08:33:19,115 INFO o.a.j.s.SaveService: Using SaveService properties version 5.0
2022-06-30 08:33:19,118 INFO o.a.j.s.SaveService: Using SaveService properties file encoding UTF-8
2022-06-30 08:33:58,746 INFO o.a.j.s.SampleResult: Note: Sample TimeStamps are START times
2022-06-30 08:33:58,746 INFO o.a.j.s.SampleResult: sampleresult.default.encoding is set to ISO-8859-1
2022-06-30 08:33:58,746 INFO o.a.j.s.SampleResult: sampleresult.useNanoTime=true
2022-06-30 08:33:58,746 INFO o.a.j.s.SampleResult: sampleresult.nanoThreadSleep=5000
2022-06-30 08:33:58,942 INFO o.a.j.v.ViewResultsFullVisualizer: Add JavaFX to your Java installation if you want to use renderer: org.apache.jmeter.visualizers.RenderInBrowser
2022-06-30 08:51:43,893 INFO o.a.j.e.StandardJMeterEngine: Running the test!
2022-06-30 08:51:43,893 INFO o.a.j.s.SampleEvent: List of sample_variables: []
2022-06-30 08:51:43,894 INFO o.a.j.s.SampleEvent: List of sample_variables: []
2022-06-30 08:51:43,896 INFO o.a.j.e.u.CompoundVariable: Note: Function class names must contain the string: '.functions.'
2022-06-30 08:51:43,896 INFO o.a.j.e.u.CompoundVariable: Note: Function class names must not contain the string: '.gui.'
2022-06-30 08:51:43,952 INFO o.a.j.g.u.JMeterMenuBar: setRunning(true, *local*)
2022-06-30 08:51:43,986 INFO o.a.j.e.StandardJMeterEngine: Starting ThreadGroup: 1 : Thread Group
2022-06-30 08:51:43,987 INFO o.a.j.e.StandardJMeterEngine: Starting 100 threads for group Thread Group.
2022-06-30 08:51:43,987 INFO o.a.j.e.StandardJMeterEngine: Thread will continue on error
2022-06-30 08:51:43,987 INFO o.a.j.t.ThreadGroup: Starting thread group... number=1 threads=100 ramp-up=1 delayedStart=false
2022-06-30 08:51:43,991 INFO o.a.j.t.JMeterThread: Thread started: Thread Group 1-1
2022-06-30 08:51:44,000 INFO o.a.j.t.JMeterThread: Thread started: Thread Group 1-2
2022-06-30 08:51:44,010 INFO o.a.j.t.JMeterThread: Thread started: Thread Group 1-3
2022-06-30 08:51:44,015 INFO o.a.j.p.h.s.HTTPHCAbstractImpl: Local host = DESKTOP-2QNEOGK
2022-06-30 08:51:44,019 INFO o.a.j.t.JMeterThread: Thread started: Thread Group 1-4
2022-06-30 08:51:44,029 INFO o.a.j.t.JMeterThread: Thread started: Thread Group 1-5
2022-06-30 08:51:44,032 INFO o.a.j.t.ThreadGroup: Started thread group number 1
2022-06-30 08:51:44,032 INFO o.a.j.e.StandardJMeterEngine: All thread groups have been started
2022-06-30 08:51:44,038 INFO o.a.j.p.h.s.HTTPHC4Impl: HTTP request retry count = 0
2022-06-30 08:51:44,039 INFO o.a.j.t.JMeterThread: Thread started: Thread Group 1-6
2022-06-30 08:51:44,049 INFO o.a.j.t.JMeterThread: Thread started: Thread Group 1-7
2022-06-30 08:51:44,058 INFO o.a.j.t.JMeterThread: Thread started: Thread Group 1-8
2022-06-30 08:51:44,069 INFO o.a.j.t.JMeterThread: Thread started: Thread Group 1-9
2022-06-30 08:51:44,079 INFO o.a.j.t.JMeterThread: Thread started: Thread Group 1-10
2022-06-30 08:51:44,089 INFO o.a.j.t.JMeterThread: Thread started: Thread Group 1-11
2022-06-30 08:51:44,099 INFO o.a.j.t.JMeterThread: Thread started: Thread Group 1-12
2022-06-30 08:51:44,111 INFO o.a.j.t.JMeterThread: Thread started: Thread Group 1-13
2022-06-30 08:51:44,121 INFO o.a.j.t.JMeterThread: Thread started: Thread Group 1-14
2022-06-30 08:51:44,131 INFO o.a.j.t.JMeterThread: Thread started: Thread Group 1-15
2022-06-30 08:51:44,139 INFO o.a.j.t.JMeterThread: Thread started: Thread Group 1-16
2022-06-30 08:51:44,150 INFO o.a.j.t.JMeterThread: Thread started: Thread Group 1-17
2022-06-30 08:51:44,159 INFO o.a.j.t.JMeterThread: Thread started: Thread Group 1-18
2022-06-30 08:51:44,169 INFO o.a.j.t.JMeterThread: Thread started: Thread Group 1-19
2022-06-30 08:51:44,181 INFO o.a.j.t.JMeterThread: Thread started: Thread Group 1-20
2022-06-30 08:51:44,193 INFO o.a.j.t.JMeterThread: Thread started: Thread Group 1-21
2022-06-30 08:51:44,206 INFO o.a.j.t.JMeterThread: Thread started: Thread Group 1-22
2022-06-30 08:51:44,216 INFO o.a.j.t.JMeterThread: Thread started: Thread Group 1-23
2022-06-30 08:51:44,225 INFO o.a.j.t.JMeterThread: Thread started: Thread Group 1-24
2022-06-30 08:51:44,237 INFO o.a.j.t.JMeterThread: Thread started: Thread Group 1-25
2022-06-30 08:51:44,246 INFO o.a.j.t.JMeterThread: Thread started: Thread Group 1-26
2022-06-30 08:51:44,257 INFO o.a.j.t.JMeterThread: Thread started: Thread Group 1-27
2022-06-30 08:51:44,267 INFO o.a.j.t.JMeterThread: Thread started: Thread Group 1-28
2022-06-30 08:51:44,274 INFO o.a.j.t.JMeterThread: Thread started: Thread Group 1-29
2022-06-30 08:51:44,286 INFO o.a.j.t.JMeterThread: Thread started: Thread Group 1-30
2022-06-30 08:51:44,295 INFO o.a.j.t.JMeterThread: Thread started: Thread Group 1-31
2022-06-30 08:51:44,305 INFO o.a.j.t.JMeterThread: Thread started: Thread Group 1-32
2022-06-30 08:51:44,315 INFO o.a.j.t.JMeterThread: Thread started: Thread Group 1-33
2022-06-30 08:51:44,325 INFO o.a.j.t.JMeterThread: Thread started: Thread Group 1-34
2022-06-30 08:51:44,333 INFO o.a.j.t.JMeterThread: Thread started: Thread Group 1-35
2022-06-30 08:51:44,345 INFO o.a.j.t.JMeterThread: Thread started: Thread Group 1-36
2022-06-30 08:51:44,355 INFO o.a.j.t.JMeterThread: Thread started: Thread Group 1-37
2022-06-30 08:51:44,365 INFO o.a.j.t.JMeterThread: Thread started: Thread Group 1-38
2022-06-30 08:51:44,371 INFO o.a.j.t.JMeterThread: Thread started: Thread Group 1-39
2022-06-30 08:51:44,382 INFO o.a.j.t.JMeterThread: Thread started: Thread Group 1-40
2022-06-30 08:51:44,393 INFO o.a.j.t.JMeterThread: Thread started: Thread Group 1-41
2022-06-30 08:51:44,403 INFO o.a.j.t.JMeterThread: Thread started: Thread Group 1-42
2022-06-30 08:51:44,411 INFO o.a.j.t.JMeterThread: Thread started: Thread Group 1-43
2022-06-30 08:51:44,423 INFO o.a.j.t.JMeterThread: Thread started: Thread Group 1-44
2022-06-30 08:51:44,436 INFO o.a.j.t.JMeterThread: Thread started: Thread Group 1-45
2022-06-30 08:51:44,446 INFO o.a.j.t.JMeterThread: Thread started: Thread Group 1-46
2022-06-30 08:51:44,451 INFO o.a.j.t.JMeterThread: Thread started: Thread Group 1-47
2022-06-30 08:51:44,462 INFO o.a.j.t.JMeterThread: Thread started: Thread Group 1-48
2022-06-30 08:51:44,474 INFO o.a.j.t.JMeterThread: Thread started: Thread Group 1-49
2022-06-30 08:51:44,482 INFO o.a.j.t.JMeterThread: Thread started: Thread Group 1-50
2022-06-30 08:51:44,492 INFO o.a.j.t.JMeterThread: Thread started: Thread Group 1-51
2022-06-30 08:51:44,502 INFO o.a.j.t.JMeterThread: Thread started: Thread Group 1-52
2022-06-30 08:51:44,512 INFO o.a.j.t.JMeterThread: Thread started: Thread Group 1-53
2022-06-30 08:51:44,523 INFO o.a.j.t.JMeterThread: Thread started: Thread Group 1-54
2022-06-30 08:51:44,533 INFO o.a.j.t.JMeterThread: Thread started: Thread Group 1-55
2022-06-30 08:51:44,541 INFO o.a.j.t.JMeterThread: Thread started: Thread Group 1-56
2022-06-30 08:51:44,552 INFO o.a.j.t.JMeterThread: Thread started: Thread Group 1-57
2022-06-30 08:51:44,563 INFO o.a.j.t.JMeterThread: Thread started: Thread Group 1-58
2022-06-30 08:51:44,571 INFO o.a.j.t.JMeterThread: Thread started: Thread Group 1-59
2022-06-30 08:51:44,582 INFO o.a.j.t.JMeterThread: Thread started: Thread Group 1-60
2022-06-30 08:51:44,591 INFO o.a.j.t.JMeterThread: Thread started: Thread Group 1-61
2022-06-30 08:51:44,601 INFO o.a.j.t.JMeterThread: Thread started: Thread Group 1-62
2022-06-30 08:51:44,610 INFO o.a.j.t.JMeterThread: Thread started: Thread Group 1-63
2022-06-30 08:51:44,620 INFO o.a.j.t.JMeterThread: Thread started: Thread Group 1-64
2022-06-30 08:51:44,629 INFO o.a.j.t.JMeterThread: Thread started: Thread Group 1-65
2022-06-30 08:51:44,641 INFO o.a.j.t.JMeterThread: Thread started: Thread Group 1-66
2022-06-30 08:51:44,649 INFO o.a.j.t.JMeterThread: Thread started: Thread Group 1-67
2022-06-30 08:51:44,660 INFO o.a.j.t.JMeterThread: Thread started: Thread Group 1-68
2022-06-30 08:51:44,669 INFO o.a.j.t.JMeterThread: Thread started: Thread Group 1-69
2022-06-30 08:51:44,679 INFO o.a.j.t.JMeterThread: Thread started: Thread Group 1-70
2022-06-30 08:51:44,690 INFO o.a.j.t.JMeterThread: Thread started: Thread Group 1-71
2022-06-30 08:51:44,695 INFO o.a.j.p.h.s.h.LazyLayeredConnectionSocketFactory: Setting up HTTPS TrustAll Socket Factory
2022-06-30 08:51:44,702 INFO o.a.j.t.JMeterThread: Thread started: Thread Group 1-72
2022-06-30 08:51:44,707 INFO o.a.j.u.JsseSSLManager: Using default SSL protocol: TLS
2022-06-30 08:51:44,707 INFO o.a.j.u.JsseSSLManager: SSL session context: per-thread
2022-06-30 08:51:44,712 INFO o.a.j.t.JMeterThread: Thread started: Thread Group 1-73
2022-06-30 08:51:44,719 INFO o.a.j.t.JMeterThread: Thread started: Thread Group 1-74
2022-06-30 08:51:44,730 INFO o.a.j.t.JMeterThread: Thread started: Thread Group 1-75
2022-06-30 08:51:44,739 INFO o.a.j.t.JMeterThread: Thread started: Thread Group 1-76
2022-06-30 08:51:44,750 INFO o.a.j.t.JMeterThread: Thread started: Thread Group 1-77
2022-06-30 08:51:44,759 INFO o.a.j.t.JMeterThread: Thread started: Thread Group 1-78
2022-06-30 08:51:44,769 INFO o.a.j.t.JMeterThread: Thread started: Thread Group 1-79
2022-06-30 08:51:44,779 INFO o.a.j.t.JMeterThread: Thread started: Thread Group 1-80
2022-06-30 08:51:44,789 INFO o.a.j.t.JMeterThread: Thread started: Thread Group 1-81
2022-06-30 08:51:44,800 INFO o.a.j.t.JMeterThread: Thread started: Thread Group 1-82
2022-06-30 08:51:44,809 INFO o.a.j.t.JMeterThread: Thread started: Thread Group 1-83
2022-06-30 08:51:44,819 INFO o.a.j.t.JMeterThread: Thread started: Thread Group 1-84
2022-06-30 08:51:44,829 INFO o.a.j.t.JMeterThread: Thread started: Thread Group 1-85
2022-06-30 08:51:44,840 INFO o.a.j.t.JMeterThread: Thread started: Thread Group 1-86
2022-06-30 08:51:44,850 INFO o.a.j.t.JMeterThread: Thread started: Thread Group 1-87
2022-06-30 08:51:44,859 INFO o.a.j.t.JMeterThread: Thread started: Thread Group 1-88
2022-06-30 08:51:44,869 INFO o.a.j.t.JMeterThread: Thread started: Thread Group 1-89
2022-06-30 08:51:44,882 INFO o.a.j.t.JMeterThread: Thread started: Thread Group 1-90
2022-06-30 08:51:44,889 INFO o.a.j.t.JMeterThread: Thread started: Thread Group 1-91
2022-06-30 08:51:44,901 INFO o.a.j.t.JMeterThread: Thread started: Thread Group 1-92
2022-06-30 08:51:44,909 INFO o.a.j.t.JMeterThread: Thread started: Thread Group 1-93
2022-06-30 08:51:44,920 INFO o.a.j.t.JMeterThread: Thread started: Thread Group 1-94
2022-06-30 08:51:44,929 INFO o.a.j.t.JMeterThread: Thread started: Thread Group 1-95
2022-06-30 08:51:44,940 INFO o.a.j.t.JMeterThread: Thread started: Thread Group 1-96
2022-06-30 08:51:44,949 INFO o.a.j.t.JMeterThread: Thread started: Thread Group 1-97
2022-06-30 08:51:44,959 INFO o.a.j.t.JMeterThread: Thread started: Thread Group 1-98
2022-06-30 08:51:44,969 INFO o.a.j.t.JMeterThread: Thread started: Thread Group 1-99
2022-06-30 08:51:44,979 INFO o.a.j.t.JMeterThread: Thread started: Thread Group 1-100
2022-06-30 08:51:45,034 INFO o.a.j.u.SSLManager: JmeterKeyStore Location:  type JKS
2022-06-30 08:51:45,040 INFO o.a.j.u.SSLManager: KeyStore created OK
2022-06-30 08:51:45,041 WARN o.a.j.u.SSLManager: Keystore file not found, loading empty keystore
2022-06-30 08:52:39,019 INFO o.a.j.t.JMeterThread: Thread is done: Thread Group 1-37
2022-06-30 08:52:39,019 INFO o.a.j.t.JMeterThread: Thread finished: Thread Group 1-37
2022-06-30 08:53:03,090 INFO o.a.j.t.JMeterThread: Thread is done: Thread Group 1-68
2022-06-30 08:53:03,090 INFO o.a.j.t.JMeterThread: Thread finished: Thread Group 1-68
2022-06-30 08:53:07,190 INFO o.a.j.t.JMeterThread: Thread is done: Thread Group 1-54
2022-06-30 08:53:07,190 INFO o.a.j.t.JMeterThread: Thread finished: Thread Group 1-54
2022-06-30 08:53:07,526 INFO o.a.j.t.JMeterThread: Thread is done: Thread Group 1-38
2022-06-30 08:53:07,526 INFO o.a.j.t.JMeterThread: Thread finished: Thread Group 1-38
2022-06-30 08:53:09,735 INFO o.a.j.t.JMeterThread: Thread is done: Thread Group 1-28
2022-06-30 08:53:09,735 INFO o.a.j.t.JMeterThread: Thread finished: Thread Group 1-28
2022-06-30 08:53:09,972 INFO o.a.j.t.JMeterThread: Thread is done: Thread Group 1-25
2022-06-30 08:53:09,973 INFO o.a.j.t.JMeterThread: Thread finished: Thread Group 1-25
2022-06-30 08:53:10,641 INFO o.a.j.t.JMeterThread: Thread is done: Thread Group 1-73
2022-06-30 08:53:10,641 INFO o.a.j.t.JMeterThread: Thread finished: Thread Group 1-73
2022-06-30 08:53:10,769 INFO o.a.j.t.JMeterThread: Thread is done: Thread Group 1-70
2022-06-30 08:53:10,769 INFO o.a.j.t.JMeterThread: Thread finished: Thread Group 1-70
2022-06-30 08:53:10,844 INFO o.a.j.t.JMeterThread: Thread is done: Thread Group 1-14
2022-06-30 08:53:10,844 INFO o.a.j.t.JMeterThread: Thread finished: Thread Group 1-14
2022-06-30 08:53:12,423 INFO o.a.j.t.JMeterThread: Thread is done: Thread Group 1-3
2022-06-30 08:53:12,423 INFO o.a.j.t.JMeterThread: Thread finished: Thread Group 1-3
2022-06-30 08:53:12,447 INFO o.a.j.t.JMeterThread: Thread is done: Thread Group 1-84
2022-06-30 08:53:12,447 INFO o.a.j.t.JMeterThread: Thread finished: Thread Group 1-84
2022-06-30 08:53:12,945 INFO o.a.j.t.JMeterThread: Thread is done: Thread Group 1-33
2022-06-30 08:53:12,945 INFO o.a.j.t.JMeterThread: Thread finished: Thread Group 1-33
2022-06-30 08:53:13,246 INFO o.a.j.t.JMeterThread: Thread is done: Thread Group 1-17
2022-06-30 08:53:13,247 INFO o.a.j.t.JMeterThread: Thread finished: Thread Group 1-17
2022-06-30 08:53:13,512 INFO o.a.j.t.JMeterThread: Thread is done: Thread Group 1-62
2022-06-30 08:53:13,512 INFO o.a.j.t.JMeterThread: Thread finished: Thread Group 1-62
2022-06-30 08:53:13,739 INFO o.a.j.t.JMeterThread: Thread is done: Thread Group 1-43
2022-06-30 08:53:13,739 INFO o.a.j.t.JMeterThread: Thread finished: Thread Group 1-43
2022-06-30 08:53:14,972 INFO o.a.j.t.JMeterThread: Thread is done: Thread Group 1-60
2022-06-30 08:53:14,972 INFO o.a.j.t.JMeterThread: Thread finished: Thread Group 1-60
2022-06-30 08:53:15,928 INFO o.a.j.t.JMeterThread: Thread is done: Thread Group 1-93
2022-06-30 08:53:15,928 INFO o.a.j.t.JMeterThread: Thread finished: Thread Group 1-93
2022-06-30 08:53:16,032 INFO o.a.j.t.JMeterThread: Thread is done: Thread Group 1-85
2022-06-30 08:53:16,033 INFO o.a.j.t.JMeterThread: Thread finished: Thread Group 1-85
2022-06-30 08:53:16,866 INFO o.a.j.t.JMeterThread: Thread is done: Thread Group 1-48
2022-06-30 08:53:16,866 INFO o.a.j.t.JMeterThread: Thread finished: Thread Group 1-48
2022-06-30 08:53:18,076 INFO o.a.j.t.JMeterThread: Thread is done: Thread Group 1-21
2022-06-30 08:53:18,076 INFO o.a.j.t.JMeterThread: Thread finished: Thread Group 1-21
2022-06-30 08:53:19,672 INFO o.a.j.t.JMeterThread: Thread is done: Thread Group 1-90
2022-06-30 08:53:19,672 INFO o.a.j.t.JMeterThread: Thread finished: Thread Group 1-90
2022-06-30 08:53:19,852 INFO o.a.j.t.JMeterThread: Thread is done: Thread Group 1-34
2022-06-30 08:53:19,852 INFO o.a.j.t.JMeterThread: Thread finished: Thread Group 1-34
2022-06-30 08:53:19,853 INFO o.a.j.t.JMeterThread: Thread is done: Thread Group 1-69
2022-06-30 08:53:19,853 INFO o.a.j.t.JMeterThread: Thread is done: Thread Group 1-6
2022-06-30 08:53:19,854 INFO o.a.j.t.JMeterThread: Thread finished: Thread Group 1-69
2022-06-30 08:53:19,854 INFO o.a.j.t.JMeterThread: Thread finished: Thread Group 1-6
2022-06-30 08:53:19,919 INFO o.a.j.t.JMeterThread: Thread is done: Thread Group 1-72
2022-06-30 08:53:19,919 INFO o.a.j.t.JMeterThread: Thread finished: Thread Group 1-72
2022-06-30 08:53:19,992 INFO o.a.j.t.JMeterThread: Thread is done: Thread Group 1-47
2022-06-30 08:53:19,993 INFO o.a.j.t.JMeterThread: Thread finished: Thread Group 1-47
2022-06-30 08:53:20,097 INFO o.a.j.t.JMeterThread: Thread is done: Thread Group 1-41
2022-06-30 08:53:20,098 INFO o.a.j.t.JMeterThread: Thread finished: Thread Group 1-41
2022-06-30 08:53:20,286 INFO o.a.j.t.JMeterThread: Thread is done: Thread Group 1-67
2022-06-30 08:53:20,286 INFO o.a.j.t.JMeterThread: Thread finished: Thread Group 1-67
2022-06-30 08:53:20,311 INFO o.a.j.t.JMeterThread: Thread is done: Thread Group 1-23
2022-06-30 08:53:20,312 INFO o.a.j.t.JMeterThread: Thread finished: Thread Group 1-23
2022-06-30 08:53:20,320 INFO o.a.j.t.JMeterThread: Thread is done: Thread Group 1-29
2022-06-30 08:53:20,320 INFO o.a.j.t.JMeterThread: Thread finished: Thread Group 1-29
2022-06-30 08:53:20,325 INFO o.a.j.t.JMeterThread: Thread is done: Thread Group 1-92
2022-06-30 08:53:20,325 INFO o.a.j.t.JMeterThread: Thread finished: Thread Group 1-92
2022-06-30 08:53:20,462 INFO o.a.j.t.JMeterThread: Thread is done: Thread Group 1-11
2022-06-30 08:53:20,462 INFO o.a.j.t.JMeterThread: Thread finished: Thread Group 1-11
2022-06-30 08:53:20,764 INFO o.a.j.t.JMeterThread: Thread is done: Thread Group 1-78
2022-06-30 08:53:20,764 INFO o.a.j.t.JMeterThread: Thread finished: Thread Group 1-78
2022-06-30 08:53:23,138 INFO o.a.j.t.JMeterThread: Thread is done: Thread Group 1-53
2022-06-30 08:53:23,138 INFO o.a.j.t.JMeterThread: Thread finished: Thread Group 1-53
2022-06-30 08:53:23,735 INFO o.a.j.t.JMeterThread: Thread is done: Thread Group 1-97
2022-06-30 08:53:23,735 INFO o.a.j.t.JMeterThread: Thread finished: Thread Group 1-97
2022-06-30 08:53:24,300 INFO o.a.j.t.JMeterThread: Thread is done: Thread Group 1-55
2022-06-30 08:53:24,300 INFO o.a.j.t.JMeterThread: Thread finished: Thread Group 1-55
2022-06-30 08:53:27,222 INFO o.a.j.t.JMeterThread: Thread is done: Thread Group 1-10
2022-06-30 08:53:27,222 INFO o.a.j.t.JMeterThread: Thread finished: Thread Group 1-10
2022-06-30 08:53:27,335 INFO o.a.j.t.JMeterThread: Thread is done: Thread Group 1-5
2022-06-30 08:53:27,335 INFO o.a.j.t.JMeterThread: Thread finished: Thread Group 1-5
2022-06-30 08:53:27,587 INFO o.a.j.t.JMeterThread: Thread is done: Thread Group 1-77
2022-06-30 08:53:27,587 INFO o.a.j.t.JMeterThread: Thread finished: Thread Group 1-77
2022-06-30 08:53:27,845 INFO o.a.j.t.JMeterThread: Thread is done: Thread Group 1-83
2022-06-30 08:53:27,845 INFO o.a.j.t.JMeterThread: Thread finished: Thread Group 1-83
2022-06-30 08:53:28,746 INFO o.a.j.t.JMeterThread: Thread is done: Thread Group 1-71
2022-06-30 08:53:28,746 INFO o.a.j.t.JMeterThread: Thread finished: Thread Group 1-71
2022-06-30 08:53:28,749 INFO o.a.j.t.JMeterThread: Thread is done: Thread Group 1-52
2022-06-30 08:53:28,749 INFO o.a.j.t.JMeterThread: Thread finished: Thread Group 1-52
2022-06-30 08:53:28,942 INFO o.a.j.t.JMeterThread: Thread is done: Thread Group 1-100
2022-06-30 08:53:28,943 INFO o.a.j.t.JMeterThread: Thread finished: Thread Group 1-100
2022-06-30 08:53:29,242 INFO o.a.j.t.JMeterThread: Thread is done: Thread Group 1-18
2022-06-30 08:53:29,242 INFO o.a.j.t.JMeterThread: Thread finished: Thread Group 1-18
2022-06-30 08:53:29,544 INFO o.a.j.t.JMeterThread: Thread is done: Thread Group 1-39
2022-06-30 08:53:29,545 INFO o.a.j.t.JMeterThread: Thread finished: Thread Group 1-39
2022-06-30 08:53:30,125 INFO o.a.j.t.JMeterThread: Thread is done: Thread Group 1-74
2022-06-30 08:53:30,125 INFO o.a.j.t.JMeterThread: Thread is done: Thread Group 1-4
2022-06-30 08:53:30,125 INFO o.a.j.t.JMeterThread: Thread finished: Thread Group 1-74
2022-06-30 08:53:30,125 INFO o.a.j.t.JMeterThread: Thread finished: Thread Group 1-4
2022-06-30 08:53:30,326 INFO o.a.j.t.JMeterThread: Thread is done: Thread Group 1-59
2022-06-30 08:53:30,326 INFO o.a.j.t.JMeterThread: Thread finished: Thread Group 1-59
2022-06-30 08:53:30,593 INFO o.a.j.t.JMeterThread: Thread is done: Thread Group 1-50
2022-06-30 08:53:30,594 INFO o.a.j.t.JMeterThread: Thread finished: Thread Group 1-50
2022-06-30 08:53:30,658 INFO o.a.j.t.JMeterThread: Thread is done: Thread Group 1-61
2022-06-30 08:53:30,658 INFO o.a.j.t.JMeterThread: Thread finished: Thread Group 1-61
2022-06-30 08:53:30,674 INFO o.a.j.t.JMeterThread: Thread is done: Thread Group 1-80
2022-06-30 08:53:30,674 INFO o.a.j.t.JMeterThread: Thread finished: Thread Group 1-80
2022-06-30 08:53:30,726 INFO o.a.j.t.JMeterThread: Thread is done: Thread Group 1-9
2022-06-30 08:53:30,727 INFO o.a.j.t.JMeterThread: Thread finished: Thread Group 1-9
2022-06-30 08:53:30,746 INFO o.a.j.t.JMeterThread: Thread is done: Thread Group 1-13
2022-06-30 08:53:30,747 INFO o.a.j.t.JMeterThread: Thread finished: Thread Group 1-13
2022-06-30 08:53:30,961 INFO o.a.j.t.JMeterThread: Thread is done: Thread Group 1-82
2022-06-30 08:53:30,961 INFO o.a.j.t.JMeterThread: Thread finished: Thread Group 1-82
2022-06-30 08:53:30,973 INFO o.a.j.t.JMeterThread: Thread is done: Thread Group 1-79
2022-06-30 08:53:30,973 INFO o.a.j.t.JMeterThread: Thread finished: Thread Group 1-79
2022-06-30 08:53:31,000 INFO o.a.j.t.JMeterThread: Thread is done: Thread Group 1-22
2022-06-30 08:53:31,000 INFO o.a.j.t.JMeterThread: Thread finished: Thread Group 1-22
2022-06-30 08:53:31,083 INFO o.a.j.t.JMeterThread: Thread is done: Thread Group 1-58
2022-06-30 08:53:31,083 INFO o.a.j.t.JMeterThread: Thread finished: Thread Group 1-58
2022-06-30 08:53:31,412 INFO o.a.j.t.JMeterThread: Thread is done: Thread Group 1-1
2022-06-30 08:53:31,413 INFO o.a.j.t.JMeterThread: Thread finished: Thread Group 1-1
2022-06-30 08:53:31,445 INFO o.a.j.t.JMeterThread: Thread is done: Thread Group 1-30
2022-06-30 08:53:31,445 INFO o.a.j.t.JMeterThread: Thread finished: Thread Group 1-30
2022-06-30 08:53:31,469 INFO o.a.j.t.JMeterThread: Thread is done: Thread Group 1-40
2022-06-30 08:53:31,470 INFO o.a.j.t.JMeterThread: Thread finished: Thread Group 1-40
2022-06-30 08:53:31,604 INFO o.a.j.t.JMeterThread: Thread is done: Thread Group 1-63
2022-06-30 08:53:31,604 INFO o.a.j.t.JMeterThread: Thread finished: Thread Group 1-63
2022-06-30 08:53:31,657 INFO o.a.j.t.JMeterThread: Thread is done: Thread Group 1-87
2022-06-30 08:53:31,657 INFO o.a.j.t.JMeterThread: Thread finished: Thread Group 1-87
2022-06-30 08:53:31,689 INFO o.a.j.t.JMeterThread: Thread is done: Thread Group 1-51
2022-06-30 08:53:31,689 INFO o.a.j.t.JMeterThread: Thread finished: Thread Group 1-51
2022-06-30 08:53:31,694 INFO o.a.j.t.JMeterThread: Thread is done: Thread Group 1-94
2022-06-30 08:53:31,694 INFO o.a.j.t.JMeterThread: Thread finished: Thread Group 1-94
2022-06-30 08:53:31,822 INFO o.a.j.t.JMeterThread: Thread is done: Thread Group 1-24
2022-06-30 08:53:31,822 INFO o.a.j.t.JMeterThread: Thread finished: Thread Group 1-24
2022-06-30 08:53:32,073 INFO o.a.j.t.JMeterThread: Thread is done: Thread Group 1-86
2022-06-30 08:53:32,073 INFO o.a.j.t.JMeterThread: Thread finished: Thread Group 1-86
2022-06-30 08:53:32,269 INFO o.a.j.t.JMeterThread: Thread is done: Thread Group 1-91
2022-06-30 08:53:32,269 INFO o.a.j.t.JMeterThread: Thread finished: Thread Group 1-91
2022-06-30 08:53:32,372 INFO o.a.j.t.JMeterThread: Thread is done: Thread Group 1-20
2022-06-30 08:53:32,372 INFO o.a.j.t.JMeterThread: Thread finished: Thread Group 1-20
2022-06-30 08:53:32,445 INFO o.a.j.t.JMeterThread: Thread is done: Thread Group 1-7
2022-06-30 08:53:32,445 INFO o.a.j.t.JMeterThread: Thread finished: Thread Group 1-7
2022-06-30 08:53:32,723 INFO o.a.j.t.JMeterThread: Thread is done: Thread Group 1-35
2022-06-30 08:53:32,724 INFO o.a.j.t.JMeterThread: Thread finished: Thread Group 1-35
2022-06-30 08:53:32,727 INFO o.a.j.t.JMeterThread: Thread is done: Thread Group 1-49
2022-06-30 08:53:32,727 INFO o.a.j.t.JMeterThread: Thread finished: Thread Group 1-49
2022-06-30 08:53:33,434 INFO o.a.j.t.JMeterThread: Thread is done: Thread Group 1-95
2022-06-30 08:53:33,434 INFO o.a.j.t.JMeterThread: Thread finished: Thread Group 1-95
2022-06-30 08:53:34,213 INFO o.a.j.t.JMeterThread: Thread is done: Thread Group 1-96
2022-06-30 08:53:34,213 INFO o.a.j.t.JMeterThread: Thread finished: Thread Group 1-96
2022-06-30 08:53:34,547 INFO o.a.j.t.JMeterThread: Thread is done: Thread Group 1-89
2022-06-30 08:53:34,547 INFO o.a.j.t.JMeterThread: Thread finished: Thread Group 1-89
2022-06-30 08:53:35,053 INFO o.a.j.t.JMeterThread: Thread is done: Thread Group 1-36
2022-06-30 08:53:35,053 INFO o.a.j.t.JMeterThread: Thread finished: Thread Group 1-36
2022-06-30 08:53:35,110 INFO o.a.j.t.JMeterThread: Thread is done: Thread Group 1-57
2022-06-30 08:53:35,111 INFO o.a.j.t.JMeterThread: Thread finished: Thread Group 1-57
2022-06-30 08:53:35,343 INFO o.a.j.t.JMeterThread: Thread is done: Thread Group 1-42
2022-06-30 08:53:35,343 INFO o.a.j.t.JMeterThread: Thread finished: Thread Group 1-42
2022-06-30 08:53:35,360 INFO o.a.j.t.JMeterThread: Thread is done: Thread Group 1-66
2022-06-30 08:53:35,360 INFO o.a.j.t.JMeterThread: Thread finished: Thread Group 1-66
2022-06-30 08:53:35,410 INFO o.a.j.t.JMeterThread: Thread is done: Thread Group 1-45
2022-06-30 08:53:35,410 INFO o.a.j.t.JMeterThread: Thread finished: Thread Group 1-45
2022-06-30 08:53:35,554 INFO o.a.j.t.JMeterThread: Thread is done: Thread Group 1-12
2022-06-30 08:53:35,554 INFO o.a.j.t.JMeterThread: Thread finished: Thread Group 1-12
2022-06-30 08:53:35,627 INFO o.a.j.t.JMeterThread: Thread is done: Thread Group 1-88
2022-06-30 08:53:35,627 INFO o.a.j.t.JMeterThread: Thread finished: Thread Group 1-88
2022-06-30 08:53:36,256 INFO o.a.j.t.JMeterThread: Thread is done: Thread Group 1-15
2022-06-30 08:53:36,256 INFO o.a.j.t.JMeterThread: Thread finished: Thread Group 1-15
2022-06-30 08:53:36,264 INFO o.a.j.t.JMeterThread: Thread is done: Thread Group 1-44
2022-06-30 08:53:36,264 INFO o.a.j.t.JMeterThread: Thread finished: Thread Group 1-44
2022-06-30 08:53:36,279 INFO o.a.j.t.JMeterThread: Thread is done: Thread Group 1-2
2022-06-30 08:53:36,279 INFO o.a.j.t.JMeterThread: Thread finished: Thread Group 1-2
2022-06-30 08:53:36,360 INFO o.a.j.t.JMeterThread: Thread is done: Thread Group 1-27
2022-06-30 08:53:36,360 INFO o.a.j.t.JMeterThread: Thread finished: Thread Group 1-27
2022-06-30 08:53:36,594 INFO o.a.j.t.JMeterThread: Thread is done: Thread Group 1-46
2022-06-30 08:53:36,594 INFO o.a.j.t.JMeterThread: Thread finished: Thread Group 1-46
2022-06-30 08:53:36,686 INFO o.a.j.t.JMeterThread: Thread is done: Thread Group 1-75
2022-06-30 08:53:36,687 INFO o.a.j.t.JMeterThread: Thread finished: Thread Group 1-75
2022-06-30 08:53:36,775 INFO o.a.j.t.JMeterThread: Thread is done: Thread Group 1-16
2022-06-30 08:53:36,775 INFO o.a.j.t.JMeterThread: Thread finished: Thread Group 1-16
2022-06-30 08:53:37,170 INFO o.a.j.t.JMeterThread: Thread is done: Thread Group 1-31
2022-06-30 08:53:37,170 INFO o.a.j.t.JMeterThread: Thread finished: Thread Group 1-31
2022-06-30 08:53:37,433 INFO o.a.j.t.JMeterThread: Thread is done: Thread Group 1-19
2022-06-30 08:53:37,434 INFO o.a.j.t.JMeterThread: Thread finished: Thread Group 1-19
2022-06-30 08:53:37,450 INFO o.a.j.t.JMeterThread: Thread is done: Thread Group 1-98
2022-06-30 08:53:37,450 INFO o.a.j.t.JMeterThread: Thread finished: Thread Group 1-98
2022-06-30 08:53:37,594 INFO o.a.j.t.JMeterThread: Thread is done: Thread Group 1-56
2022-06-30 08:53:37,594 INFO o.a.j.t.JMeterThread: Thread finished: Thread Group 1-56
2022-06-30 08:53:37,782 INFO o.a.j.t.JMeterThread: Thread is done: Thread Group 1-64
2022-06-30 08:53:37,782 INFO o.a.j.t.JMeterThread: Thread finished: Thread Group 1-64
2022-06-30 08:53:38,053 INFO o.a.j.t.JMeterThread: Thread is done: Thread Group 1-65
2022-06-30 08:53:38,053 INFO o.a.j.t.JMeterThread: Thread finished: Thread Group 1-65
2022-06-30 08:53:38,134 INFO o.a.j.t.JMeterThread: Thread is done: Thread Group 1-99
2022-06-30 08:53:38,134 INFO o.a.j.t.JMeterThread: Thread finished: Thread Group 1-99
2022-06-30 08:53:38,337 INFO o.a.j.t.JMeterThread: Thread is done: Thread Group 1-76
2022-06-30 08:53:38,338 INFO o.a.j.t.JMeterThread: Thread finished: Thread Group 1-76
2022-06-30 08:53:38,379 INFO o.a.j.t.JMeterThread: Thread is done: Thread Group 1-32
2022-06-30 08:53:38,379 INFO o.a.j.t.JMeterThread: Thread finished: Thread Group 1-32
2022-06-30 08:53:38,593 INFO o.a.j.t.JMeterThread: Thread is done: Thread Group 1-26
2022-06-30 08:53:38,593 INFO o.a.j.t.JMeterThread: Thread finished: Thread Group 1-26
2022-06-30 08:53:39,659 INFO o.a.j.t.JMeterThread: Thread is done: Thread Group 1-81
2022-06-30 08:53:39,659 INFO o.a.j.t.JMeterThread: Thread finished: Thread Group 1-81
2022-06-30 08:53:40,194 INFO o.a.j.t.JMeterThread: Thread is done: Thread Group 1-8
2022-06-30 08:53:40,194 INFO o.a.j.t.JMeterThread: Thread finished: Thread Group 1-8
2022-06-30 08:53:40,194 INFO o.a.j.e.StandardJMeterEngine: Notifying test listeners of end of test
2022-06-30 08:53:40,195 INFO o.a.j.g.u.JMeterMenuBar: setRunning(false, *local*)
2022-06-30 08:58:24,801 INFO o.a.j.v.ViewResultsFullVisualizer: Add JavaFX to your Java installation if you want to use renderer: org.apache.jmeter.visualizers.RenderInBrowser
